<?xml version="1.0" encoding="utf-8"?><testsuites name="pytest tests"><testsuite name="pytest" errors="0" failures="0" skipped="0" tests="4" time="1.222" timestamp="2026-06-20T23:07:12.297434+00:00" hostname="agent-env-6905e710-5eb4-4938-8f6d-2ca065f0aa56"><testcase classname="backend.tests.test_fase4_lote_ab" name="test_get_tabela_venda" time="0.508" /><testcase classname="backend.tests.test_fase4_lote_ab" name="test_atualizar_tabela_venda" time="0.185" /><testcase classname="backend.tests.test_fase4_lote_ab" name="test_pedido_uses_preco_oficial" time="0.364" /><testcase classname="backend.tests.test_fase4_lote_ab" name="test_pedidos_have_iso_dates" time="0.094" /></testsuite></testsuites>