<?xml version="1.0" encoding="utf-8"?><testsuites name="pytest tests"><testsuite name="pytest" errors="0" failures="0" skipped="0" tests="8" time="2.489" timestamp="2026-06-19T21:57:31.942815+00:00" hostname="agent-env-6905e710-5eb4-4938-8f6d-2ca065f0aa56"><testcase classname="backend.tests.test_fase2" name="test_auth_login_ok" time="0.402" /><testcase classname="backend.tests.test_fase2" name="test_producao_returns_ordens_consolidado" time="0.466" /><testcase classname="backend.tests.test_fase2" name="test_producao_existing_order_2" time="0.148" /><testcase classname="backend.tests.test_fase2" name="test_pedido_dre_order_2" time="0.257" /><testcase classname="backend.tests.test_fase2" name="test_tabela_precos_has_preco_individual" time="0.126" /><testcase classname="backend.tests.test_fase2" name="test_clientes_have_endereco" time="0.115" /><testcase classname="backend.tests.test_fase2" name="test_produto_detalhes_get_and_put" time="0.409" /><testcase classname="backend.tests.test_fase2" name="test_upload_file" time="0.487" /></testsuite></testsuites>