<?xml version="1.0" encoding="utf-8"?><testsuites name="pytest tests"><testsuite name="pytest" errors="0" failures="0" skipped="0" tests="10" time="3.024" timestamp="2026-06-20T23:42:55.856636+00:00" hostname="agent-env-6905e710-5eb4-4938-8f6d-2ca065f0aa56"><testcase classname="backend.tests.test_fase4_lote_c.TestCompras" name="test_list_compras" time="0.589" /><testcase classname="backend.tests.test_fase4_lote_c.TestCompras" name="test_compra_items_enriched" time="0.123" /><testcase classname="backend.tests.test_fase4_lote_c.TestCompras" name="test_create_update_delete_compra" time="0.873" /><testcase classname="backend.tests.test_fase4_lote_c.TestMPReadOnly" name="test_create_mp_with_initial_stock" time="0.401" /><testcase classname="backend.tests.test_fase4_lote_c.TestMPReadOnly" name="test_existing_mps_have_custo_unitario" time="0.135" /><testcase classname="backend.tests.test_fase4_lote_c.TestMovimentoMP" name="test_movimento_requires_mp" time="0.096" /><testcase classname="backend.tests.test_fase4_lote_c.TestMovimentoMP" name="test_movimento_returns_lines" time="0.213" /><testcase classname="backend.tests.test_fase4_lote_c.TestEstoques" name="test_estoques_todos" time="0.126" /><testcase classname="backend.tests.test_fase4_lote_c.TestEstoques" name="test_estoques_producao_has_negative" time="0.125" /><testcase classname="backend.tests.test_fase4_lote_c.TestEstoques" name="test_estoques_modo_changes_necessidade" time="0.242" /></testsuite></testsuites>