<?xml version="1.0" encoding="utf-8"?><testsuites name="pytest tests"><testsuite name="pytest" errors="0" failures="0" skipped="0" tests="7" time="4.505" timestamp="2026-06-22T03:04:33.679744+00:00" hostname="agent-env-6905e710-5eb4-4938-8f6d-2ca065f0aa56"><testcase classname="backend.tests.test_financeiro.TestPedidoVencimento" name="test_create_pedido_com_data_vencimento_persistence" time="1.014" /><testcase classname="backend.tests.test_financeiro.TestPedidoVencimento" name="test_patch_pedido_financeiro_toggle" time="0.652" /><testcase classname="backend.tests.test_financeiro.TestCompraFinanceiro" name="test_create_compra_persists_telefone_e_vencimento" time="0.491" /><testcase classname="backend.tests.test_financeiro.TestCompraFinanceiro" name="test_patch_compra_financeiro_toggle" time="0.742" /><testcase classname="backend.tests.test_financeiro.TestFinanceiroEndpoint" name="test_structure" time="0.132" /><testcase classname="backend.tests.test_financeiro.TestFinanceiroEndpoint" name="test_vencidos_filter_only_aberto_with_past_due" time="0.883" /><testcase classname="backend.tests.test_financeiro.TestFinanceiroEndpoint" name="test_fluxo_excludes_outros" time="0.524" /></testsuite></testsuites>