<?xml version="1.0" encoding="utf-8"?><testsuites name="pytest tests"><testsuite name="pytest" errors="0" failures="0" skipped="0" tests="8" time="1.649" timestamp="2026-06-25T14:26:35.057725+00:00" hostname="agent-env-6905e710-5eb4-4938-8f6d-2ca065f0aa56"><testcase classname="backend.tests.test_financeiro_filtro_evolucao.TestFinanceiroSemParams" name="test_no_params_returns_all_items" time="0.702" /><testcase classname="backend.tests.test_financeiro_filtro_evolucao.TestFinanceiroComFiltro" name="test_filtro_julho_2026_includes_only_julho_due" time="0.143" /><testcase classname="backend.tests.test_financeiro_filtro_evolucao.TestFinanceiroComFiltro" name="test_filtro_no_resultado_em_periodo_vazio" time="0.135" /><testcase classname="backend.tests.test_financeiro_filtro_evolucao.TestFinanceiroComFiltro" name="test_filtro_so_inicio" time="0.107" /><testcase classname="backend.tests.test_financeiro_filtro_evolucao.TestFinanceiroEvolucao" name="test_evolucao_estrutura_e_minimo_6_meses" time="0.151" /><testcase classname="backend.tests.test_financeiro_filtro_evolucao.TestFinanceiroEvolucao" name="test_evolucao_julho_2026_reflete_cp001" time="0.096" /><testcase classname="backend.tests.test_financeiro_filtro_evolucao.TestFinanceiroEvolucao" name="test_evolucao_default_meses" time="0.150" /><testcase classname="backend.tests.test_financeiro_filtro_evolucao.TestFinanceiroEvolucao" name="test_evolucao_meses_3" time="0.102" /></testsuite></testsuites>