<?xml version="1.0" encoding="utf-8"?><testsuites name="pytest tests"><testsuite name="pytest" errors="0" failures="0" skipped="0" tests="6" time="1.139" timestamp="2026-06-20T04:20:03.464697+00:00" hostname="agent-env-6905e710-5eb4-4938-8f6d-2ca065f0aa56"><testcase classname="backend.tests.test_pedidos_dashboard.TestFormasPagamento" name="test_list" time="0.512" /><testcase classname="backend.tests.test_pedidos_dashboard.TestFormasPagamento" name="test_create_and_delete" time="0.134" /><testcase classname="backend.tests.test_pedidos_dashboard.TestPedidos" name="test_create_with_status_and_totals" time="0.302" /><testcase classname="backend.tests.test_pedidos_dashboard.TestPedidos" name="test_list_pedidos_has_numero_and_status" time="0.043" /><testcase classname="backend.tests.test_pedidos_dashboard.TestDashboard" name="test_dashboard_payload" time="0.047" /><testcase classname="backend.tests.test_pedidos_dashboard.TestProducao" name="test_producao_filters_canceled_and_delivered" time="0.042" /></testsuite></testsuites>