<?xml version="1.0" encoding="utf-8"?><testsuites name="pytest tests"><testsuite name="pytest" errors="0" failures="0" skipped="0" tests="8" time="4.299" timestamp="2026-06-18T04:32:09.578896+00:00" hostname="agent-env-60f7ba43-b497-4a88-a134-690d4a827cc4"><testcase classname="backend.tests.test_mm_confeitaria" name="test_login_invalid" time="0.212" /><testcase classname="backend.tests.test_mm_confeitaria" name="test_auth_me" time="0.454" /><testcase classname="backend.tests.test_mm_confeitaria" name="test_dashboard" time="0.157" /><testcase classname="backend.tests.test_mm_confeitaria" name="test_groups_crud" time="0.354" /><testcase classname="backend.tests.test_mm_confeitaria" name="test_materia_prima_crud" time="0.597" /><testcase classname="backend.tests.test_mm_confeitaria" name="test_equipamentos" time="0.377" /><testcase classname="backend.tests.test_mm_confeitaria" name="test_custos" time="0.311" /><testcase classname="backend.tests.test_mm_confeitaria" name="test_produtos_markup_ficha_tabela" time="1.692" /></testsuite></testsuites>